18475
16395
16570
11082
8979
10586
3498
10206
10255
14867
15454
12753
8099
7371
9816
6336
14184
13158
13739
15338
10464
3188
6550
8230
12773
7636
12910
14547
4852
13431
14906
6116
14451
8744
3019
8403
16838
8350
3836
12704
9894
13716
9710
9065
10211
7359
10456
12181
3854
10100
12556
12174
9702
10403
7644
10277
13212
10682
11147
2249
5304
12881
17424
14795
18038
10007
9000
8648
7036
7656
7692
14847
15361
5843
14724
8347
10503
7828
8927
6672
12015
14030
14009
13192
7014
7068
12321
13195
14776
10174
17519
13572
7826
13739
4294
5224
11591
7869
6924
9220
11320
7630
14320
10354
14560
15711
9791
7199
13551
11879
11322
7407
16374
14773
14139
5792
4983
9393
16266
18690
5703
15005
10127
10770
2210
12693
7301
2578
15111
15972
12771
12860
9686
7066
9741
13392
6098
8647
9089
8166
17603
11110
14404
10604
13681
10793
5960
7654
14571
12643
10487
19315
8359
5186
13242
10496
1541
8576
2729
6954
13218
9738
12595
14185
16171
8659
4035
12109
5199
3082
13600
14938
5362
9701
11062
9639
5168
5155
13540
8056
1520
4046
4434
12188
15717
13153
8875
19094
6491
10555
2458
9286
10415
7562
14965
7235
10232
8900
15509
12554
11532
14504
10910
17080
16826
12766
9514
16731
2748
11827
10017
8926
8146
10842
7316
11021
11175
17154
4917
5162
5260
8785
5618
14430
18770
10204
10730
19598
5486
7964
14025
13608
11479
1056
3985
5832
9028
3550
3883
14723
14799
9934
4235
11043
10421
10372
6519
13631
7899
7827
12402
14747
5895
9936
8232
3088
11239
6747
16396
11999
6479
8125
4998
15437
9410
12092
8459
3528
13086
14448
10526
9126
12761
4379
10848
9476
13401
7645
6250
10729
5261
9693
4225
9975
17539
2199
13049
6863
11646
6990
13777
13885
11226
10073
8337
11871
15141
8833
6747
8374
15043
8751
5702
9928
4837
10780
8243
9626
10707
11464
12024
15578
14431
8192
8664
12558
11118
11066
3919
11843
13567
7678
6769
5757
7079
16697
13928
13379
6778
7567
10816
3724
6055
9927
11726
10526
4484
6058
9412
10592
11347
3791
8207
10401
8904
6121
15347
9824
5675
14656
7177
14219
10455
6352
10471
10499
9318
8917
1559
13307
12127
7336
11638
12132
15672
7276
15736
5172
9631
7487
7676
7360
1986
8148
13840
12162
12928
15108
7842
5741
11859
9212
5299
11546
7546
8433
8122
10191
8049
15538
13146
5780
9233
12845
3625
12556
6135
13092
12165
12209
9898
2425
5877
13207
17465
6930
10978
15939
5464
6624
9929
11685
12082
12697
9589
12532
14051
7891
10644
3439
4372
15092
5661
9627
13788
14453
15027
15626
14200
12256
10655
11653
5480
5726
11465
13833
7364
5967
15080
7204
15050
14962
13693
7700
6439
10532
12979
17207
10088
10707
11390
6194
7891
9173
7717
15299
17339
3290
4297
9735
7447
9582
7940
14094
5026
9442
2198
11312
16442
11904
11974
8189
10736
17267
12659
8638
8084
5657
6359
11715
12077
9301
8997
15964
12031
8223
3598
1009
16991
11703
10808
12965
5521
3721
2306
11956
6891
8103
6254
10541
13767
4153
10379
14299
12898
7231
11770
8165
11752
5981
8221
14959
13957
11872
12771
16936
15940
8693
8129
6522
8075
5605
9644
7493
6697
8706
10552
5460
11399
15244
8925
11702
9700
9730
5009
14309
13908
5553
5108
11485
13058
3552
13593
9663
2877
12636
2011
11049
11828
9878
7047
8965
14922
6797
16957
4813
7898
11305
6981
8634
10210
10302
16410
16772
4811
7481
7642
9674
10252
12995
6146
18674
3283
3104
5155
14867
12864
3482
10995
15967
2915
9563
17623
4237
15447
13456
11409
4787
14940
16024
7869
7741
7219
13537
8487
11880
10936
12702
12244
3157
11019
4328
4215
13475
2699
8417
5766
6201
11211
7806
810
8973
11424
5751
12464
15511
10231
13391
5184
10826
10879
13319
11559
11822
13709
8504
10361
13355
12236
5336
17427
10738
17571
5799
9138
12357
5430
14313
6168
1294
6593
6237
11288
13774
15477
8169
9550
14452
4504
9836
9394
9282
6188
13736
11480
16683
7324
15239
8797
8145
9053
17050
9088
4492
11708
8091
12143
13906
7458
7575
5994
7096
11379
5477
6212
11941
3716
14969
9928
11753
3461
5527
13609
5916
14192
4619
3039
1710
12916
12189
14264
16734
6121
16832
15085
9952
19283
4729
13738
10065
5415
5154
11613
6785
8733
12657
12255
9608
14516
12112
8099
6721
17804
14183
2016
6292
11208
16226
12018
14067
12655
12273
15056
11462
8371
9125
11769
14202
15039
8909
2435
6621
14223
10094
8112
11565
11061
16347
9477
10846
15189
17339
13272
5090
8724
12399
14281
6554
13700
12260
10425
6874
9773
9755
7780
9908
5757
3777
16111
4707
13922
9318
10222
6602
11509
3558
14138
9829
9951
6567
10777
11205
18869
14418
11859
11187
5893
7789
7933
15241
4600
13949
9283
9011
6187
2349
12901
8055
7815
7389
3768
8979
12730
8974
15098
13819
10996
7540
8301
11596
11948
11560
7115
3196
6474
11039
16522
5533
4802
18622
13863
13253
6666
9707
11330
4639
7643
11467
8279
9378
11839
12203
12992
15411
3734
762
3782
10992
8493
6164
8115
12878
15235
11396
16136
10125
15654
9619
10808
8096
3903
14696
12790
2101
15247
11633
17704
11109
9353
10978
19075
11010
2663
3932
9786
15464
16955
12547
6089
10916
7809
4193
2435
14639
12944
15084
11158
6377
6415
4191
9129
9036
11365
13400
12838
16424
7221
4567
5563
6373
8959
10218
10049
7752
8241
4535
9765
12988
19520
7899
13292
17555
5503
6362
10540
15295
14961
11126
7090
12259
9000
19357
12860
4147
2446
11054
9183
7928
7635
3807
12694
17376
13257
4087
10078
2875
8641
11810
11521
8899
3642
11662
3386
4250
14747
17059
6701
6071
7420
3715
15066
6172
15099
13218
7395
7945
8062
7974
6249
5166
16315
7354
10719
11116
14563
5764
10019
12128
8236
8830
14868
12733
11466
10785
1516
9964
7336
7813
10635
6449
17047
17857
9856
7090
4534
13761
12887
13665
8738
9062
8011
7602
5839
10594
7761
10861
14806
9087
7997
4629
10509
14971
2028
11905
11768
7931
8436
6841
13302
8537
14751
14226
11927
7143
5318
6753
19180
4140
5613
15278
5005
5461
4384
5986
9068
15418
2669
10799
7341
5570
14302
5815
15228
9869
10063
7611
11763
15790
10379
17068
14328
7209
14945
5916
14920
11506
11010
13917
6251
13471
9750
5319
5824
12224
5703
8889
12992
17497
2532
6215
17191
5654
9140
1332
13319
8492
7589
8471
6939
8614
16337
11091
11474
7575
14941
8847
11830
11750
11210
13332
12947
4175
9404
13357
5311
13115
6981
12635
9415
6705
5510
16477
5602
13074
10467
6069
13486
7610
9831
7950
14315
7171
8374
14126
10529
17861
3458
9860
18867
14809
10385
11121
10137
10613
3692
16589
10923
14356
12539
4882
3316
14727
10902
12662
4992
11360
13983
8865
14473
12865
15468
6633
13742
12529
3231
6218
4695
9965
15667
8384
10810
7860
2872
11466
13083
8524
8838
11216
17472
7533
9094
14584
4964
2102
3798
12956
14437
15103
16459
4258
14660
10252
12592
11225
8092
13898
8741
14636
13816
12474
9389
13280
7259
11546
10271
17880
13757
7198
11396
10310
1928
12981
2544
5210
3207
15075
15087
8952
11705
15685
6381
9033
13100
9206
10511
9847
4763
5001
6137
837
8555
2276
2043
4835
8152
12146
7812
9851
12930
18072
11034
12706
13816
12929
5463
6836
15747
8289
1950
1849
4407
9979
11797
9939
14856
10345
7999
10691
1998
9170
7408
6148
12132
7221
4403
11100
4118
9035
5198
7044
9979
1762
7642
3954
5009
13389
9651
15252
10632
7430
8166
4631
4909
10224
3885
5839
14307
14500
3061
2133
11597
16767
8614
11407
6376
11137
7220
13724
12092
2823
6933
1591
12622
15211
2759
2631
7539
3550
16249
9358
9397
12099
10057
2789
4892
10317
12543
8173
5420
5078
14404
10169
8363
8597
4514
13785
10843
12692
16470
6882
8579
10574
6583
5534
15131
9173
6526
15596
12152
8017
3978
638
2935
12618
10182
6941
10606
3947
16362
3919
10541
15499
9942
11975
6416
6368
10828
6828
11616
10886
201
14748
8303
4515
12473
15579
10298
7328
7775
10274
7894
10541
16453
6847
12260
10436
5766
9682
16109
4197
8495
10484
12783
18899
13571
6781
11470
13463
14620
8011
7160
16578
12322
2666
8068
15182
6261
7546
6693
8774
16374
11963
19056
13458
16370
4234
5922
7556
10947
9633
10620
10039
8493
3186
12803
15458
12074
12325
11428
4349
4940
12697
15671
8372
8849
12505
15705
8608
13593
5054
17061
11976
9437
16502
9029
16401
7904
6205
9562
2329
8440
13745
13937
5732
16513
14412
13812
13995
9783
6298
12648
11927
7071
9670
16585
8704
1817
15601
13169
14514
10340
9829
12938
6027
8157
8571
13109
4165
11681
6150
5853
3677
13069
7861
19161
11412
13730
7909
11221
10173
10190
11373
12494
8067
10101
10358
5606
5668
10441
10506
8625
14805
12729
5146
11575
6159
12509
5972
3735
9287
4511
2773
918
3015
10609
8643
5289
5622
8811
5668
14398
17176
16615
8791
10628
19856
8695
9982
12591
10863
7016
8299
9942
9897
11242
17752
2277
12346
10944
12976
10544
15363
14351
11567
10946
7153
11559
3407
14993
6442
17156
10964
16376
14298
7421
9744
10388
9401
10458
3716
15956
14190
4536
10684
9280
10508
10471
8980
11784
5299
9293
16586
16793
17062
13094
8329
4029
12029
8906
13485
13303
9555
18219
13204
5904
17864
6046
9453
19795
10800
11146
14438
15566
2629
6175
9117
14909
8038
8208
7338
12574
7048
6761
6574
5707
10926
15202
5703
9214
11538
12341
8786
10633
17666
8290
3979
8564
17214
13407
10454
3517
10723
6841
9433
9184
7904
4353
5334
6667
4983
5622
10287
12916
6568
18155
8838
15896
12553
6761
8775
8979
11781
4837
7679
4879
2085
17820
10203
15114
13161
16098
1539
9287
10094
15208
11025
12085
4673
18388
13329
10275
15227
8738
3183
3609
16427
1351
15900
3686
13416
14695
13737
11380
10427
8157
5952
6634
12622
10951
4756
10223
11131
16098
3431
10436
15163
9417
5692
365
10893
10803
12165
10768
2841
17031
4260
7091
8406
11419
8571
16952
8294
8355
19286
10870
2867
15002
14196
16839
16345
10094
8717
10354
18462
3935
6841
9291
14417
7487
4849
3999
8287
14404
14114
1374
2860
8778
9496
9487
15853
14685
3023
7749
3479
15692
3102
3500
5971
11046
8964
10505
7740
6071
8530
2458
6829
7214
9434
5201
7437
15904
12971
16086
10080
10856
11462
9411
11083
12382
1516
5598
10232
216
12381
8720
11871
16768
7932
8959
15957
8721
18274
8417
10907
6643
9428
10600
17615
7517
5414
8086
16687
10669
16569
19290
12694
9863
8547
13800
9771
6881
2626
5184
16931
4554
9525
6174
12795
7461
1704
7579
10360
7210
11852
12613
12942
13729
11946
3666
8782
13440
2982
5540
17112
10680
3022
8649
4765
14469
14107
5055
2225
13797
13241
7633
2234
14567
13191
4769
12720
14415
3894
17222
9075
9808
16383
12610
11192
7306
13587
5330
9852
4874
9283
14621
3392
15907
10078
9897
6253
7896
4802
5555
9581
1728
12555
13786
11414
10606
8162
5143
8851
10940
7174
7183
9150
4911
9513
10846
8651
11685
17632
13019
5915
6095
13424
17362
13959
4062
2923
15453
9563
16798
14083
13624
10872
11384
12801
3536
12216
9713
2984
10577
4048
19236
6389
17350
6553
10246
5574
10508
12308
9646
12172
11999
12467
7775
13276
16311
19683
14609
7512
11240
5674
7528
8209
5741
5422
11482
5531
14383
18008
11128
3772
17134
14157
16155
8264
15174
11454
12401
12573
10728
16688
9934
6185
13766
10421
18100
8222
7046
6781
8646
11327
15958
14933
12104
6848
12161
1370
14338
8357
7157
2134
10140
13481
9625
6208
7121
7919
16573
11357
8844
8927
5857
7419
5779
10831
15613
8411
12627
8072
7626
7910
9608
14600
11500
7262
4039
17061
8337
10113
5271
7726
6872
13701
4442
9635
14786
1359
7889
14198
4896
7997
10351
9005
15931
8881
13113
4418
12204
8134
14627
5783
14035
7970
160
12145
3278
16935
18437
8573
578
16005
12641
14695
12335
6612
4335
9032
16373
6474
10697
8062
6488
3381
18531
10809
10284
3451
8551
9873
10696
11969
12757
11140
4702
6767
11732
2786
12725
10349
10866
11916
5417
17207
7059
11848
17103
10087
15312
11053
5341
9872
6344
9165
15126
15349
9987
5621
10392
10065
15261
11902
7713
1776
4300
10376
5277
13922
8941
14827
11547
11375
16028
8451
14942
12045
11572
792
3838
9675
1316
10671
9992
8713
15994
13338
5244
16332
14605
3626
18378
10151
12851
17366
6630
3105
8909
17682
8596
13583
10231
12034
10742
5101
2563
8567
13821
9518
7404
8546
10770
7779
2314
14276
11901
13556
3242
14962
11007
4430
11679
9230
16642
10752
6999
6373
4774
7683
12513
15319
13860
12985
7718
9841
9968
10384
11378
11695
13006
10177
13477
7571
9596
13221
7412
13748
10893
13626
13120
5645
10488
8327
8957
3904
7181
11021
3564
11429
16746
10827
11140
18626
11603
17989
11285
13747
10875
5985
14570
12047
15663
7297
14461
15191
12720
8533
5309
9984
2877
9219
15760
15854
8663
11770
9567
8214
16762
12570
7177
4299
13755
14875
12582
14795
5406
15638
457
10919
7199
4955
5702
14418
7055
11059
4024
4862
4995
11197
13751
8131
9687
9884
10746
7623
6190
7249
11050
5347
7035
10175
5478
10663
4582
14751
5204
12945
8527
16856
4029
4653
12917
14628
2957
14705
11535
7410
6585
3967
9537
9145
9447
8860
11537
9744
18906
13496
14166
10135
7903
14621
14989
5974
6484
9511
12635
9028
6244
11560
17956
6056
12733
9865
9667
5575
5774
7325
4974
5198
1161
10209
16269
14059
6810
7621
277
12356
8417
10018
8206
9504
1743
8954
10775
1179
3908
5978
10779
12398
6855
8441
18884
11577
11380
14734
9518
18923
7216
9440
16485
9952
3520
10715
6026
6683
9392
13710
3229
9443
8031
16214
5553
7021
7234
6897
6543
6759
938
1034
11595
14398
9595
10273
5986
11444
5489
7190
4418
9028
7886
6775
12450
9571
13258
13472
12010
10087
10641
9796
5349
6596
7909
10264
15067
7108
15188
15413
12519
16748
8552
12364
9322
4289
6098
5306
9757
7472
5124
13835
7314
16889
8524
4346
6325
16023
12919
7503
11482
9340
3650
5841
7683
7442
10723
4244
14179
4640
8536
18198
5062
15839
13422
16869
10212
12968
3987
7305
17413
13594
10530
12218
11026
778
17533
2286
9798
12292
15005
10635
4412
11324
17275
8556
17570
15453
11786
10127
18531
8147
10175
10691
6269
9894
16355
11138
16547
6364
16037
10915
3327
6489
7128
12853
3132
8877
5385
13834
5183
10366
11544
9973
13211
9493
12523
11780
4606
6929
9403
18299
5327
7898
14164
7855
10014
13858
3074
10618
9944
12602
14891
17448
9491
13398
14901
15574
4183
12606
7723
4321
8241
7503
13710
10839
5797
18611
15204
11563
15000
13726
6271
9683
7497
4416
10369
5418
5820
451
11741
5308
7511
9880
11517
10058
3731
4748
18039
6635
14741
9678
8189
4991
12165
13863
8007
10739
3021
14904
2646
13283
6419
10357
8947
6788
16350
12710
8918
1231
10081
9453
6264
14124
15179
16315
12704
12098
14160
5033
1311
11032
1114
8518
8258
4570
7630
10768
14100
8868
17502
9556
14888
5338
15424
6988
9627
18040
9705
7799
15400
19175
13847
8111
7548
11889
1194
10528
12082
7413
16359
13471
6586
7091
14685
8584
11586
885
7436
7209
9862
9822
11060
14204
14755
11969
12407
6289
5022
9027
13075
15852
7987
8561
7899
15558
8518
11909
6928
11365
1406
16241
7599
9672
10740
12321
17091
13410
10467
9097
9239
16075
12382
13114
10623
15256
9383
9040
7215
5832
17518
8612
12870
8197
9000
6003
9557
15903
6213
7818
16568
10603
14426
8661
8375
13075
10503
13533
6170
8686
10501
9048
8779
4849
9339
8192
12433
8604
3032
18395
13325
10877
10708
13749
9205
10633
13222
7741
9843
11214
6295
19196
8725
10631
16556
8139
16470
8076
5383
13999
12071
14429
10194
4572
12080
5106
9161
741
7134
9755
11837
6049
5968
3492
6222
17248
14207
13631
5510
10114
10461
7114
9993
1111
8788
13398
8820
12836
8722
4014
9228
15815
9684
15358
1677
8960
9845
13637
12787
9086
6857
5730
4028
13272
8888
4871
5217
15332
16571
11460
3647
13906
15482
9488
11388
10822
15680
9690
17195
16691
16959
16541
17436
16283
5191
6434
9053
8447
1826
8713
6496
9161
17616
13388
11168
13479
10634
5563
12769
10335
4353
9691
16350
9326
2845
8731
10684
3185
12901
5549
11929
9647
10514
10426
9991
8641
7108
19207
10691
12965
9459
9172
9669
12810
16272
8291
14553
17430
9357
17377
12919
4481
10903
7337
8215
7222
13192
4097
17677
15011
13277
12234
13526
10134
17253
15067
6187
9429
3322
14206
11295
12742
17384
7046
7724
14636
2565
15980
11346
3267
8008
6877
13721
7144
1487
4914
5408
10760
8552
13002
18075
14199
8656
10776
10970
7848
1072
11183
9161
9340
15849
10959
1117
10092
10217
13714
10869
11023
8145
12288
10119
14835
2888
6468
13540
15179
2116
9544
14775
7479
10501
8134
6489
13151
3355
18791
8193
9690
10185
7610
6442
16528
10210
10661
13017
13484
12763
14709
11994
8448
9900
5630
5041
4765
11979
7584
9406
14942
12646
4550
10962
9673
8585
6022
2904
13127
16900
8906
5929
12660
9706
11101
6907
15053
8059
18074
8957
4706
13465
14288
14159
10928
13078
14823
11687
11423
13159
10478
9451
2888
10370
8447
18548
8252
10830
10361
2647
11697
6442
16115
12696
9218
3544
14084
11200
9713
13280
18901
10256
12423
4693
11234
14380
7822
17691
13240
12302
12152
6427
14987
7308
10245
14671
1681
5841
10219
8750
7735
5331
7930
13793
5528
13149
9147
4502
12188
10226
9634
10676
5539
11833
16723
12170
4911
15568
7213
14615
2083
4934
13119
16731
9370
6024
4026
15264
8508
1974
9899
13134
3606
9848
13333
12181
10083
17867
15999
781
12186
10495
4214
13116
9401
3612
17569
10936
11058
10930
15532
3144
8524
11949
6475
16469
14257
14101
2314
3393
10320
1815
12600
11884
12926
12046
9959
19219
11559
10093
10398
6869
12262
10849
7605
6850
7643
15382
18105
10394
11407
9804
3963
17461
12306
14585
11954
10066
7369
6191
8107
9386
10005
3583
5165
14253
9484
1655
6117
12758
10460
1566
13953
12148
10153
12733
3195
16723
10946
17366
10367
12376
12656
7571
8533
13206
7096
13959
7916
4949
13558
16392
11649
8814
3040
9833
5533
3471
6276
15556
7405
13315
10872
18367
2197
7848
8611
2385
10077
9439
9643
13284
11297
4375
8686
13013
6642
9175
17723
5794
7209
9505
13472
10509
14435
3898
4528
2308
13559
6414
14416
16124
5635
14518
17234
7094
13400
11129
5608
10487
17672
6291
11385
9488
8682
4586
10699
4785
11531
8729
14484
13910
13943
13937
16635
14688
7657
10797
13244
10561
4542
12670
3855
12157
11034
12593
7043
6643
10943
11603
1706
9259
16547
13877
9858
11996
9273
13306
6934
5389
9361
14181
4270
10672
12992
18498
4669
11161
2580
13100
15674
12782
11334
4793
8567
11213
8352
8974
11916
9388
13183
16269
11150
5337
5420
10058
10216
18121
7028
6091
8893
14494
16152
10004
12435
6495
8946
4547
12990
11749
8229
11914
2367
6294
6273
18648
6652
13926
7062
12297
5532
9227
8900
9154
8258
11812
4294
6792
10566
6524
9975
6565
9366
4384
14649
10804
14531
9251
5635
14399
8997
12137
9227
11288
3255
10944
6597
12291
7177
11562
7923
9451
14991
10844
11906
11556
12279
11412
8948
6678
2715
13174
4880
11144
9323
9830
4504
4756
11669
14801
15149
8067
7663
7469
10102
13831
13639
13725
8364
10098
3383
7212
6875
6166
9660
9599
9027
9632
9697
2855
10712
14464
7370
12892
5766
11728
7694
14730
11355
3475
12764
2522
13247
4188
4710
13238
11926
10078
11348
11766
5903
13071
18460
14349
9881
12422
7807
6997
6816
11520
12931
12535
3872
9321
4898
13186
8978
18740
3101
10374
9623
11346
10688
14575
9039
10041
4278
17645
12887
10163
7656
9976
8514
5159
7730
13255
5557
8704
11255
19010
5003
8126
13666
8839
14780
17990
11158
2716
10971
11189
10577
10562
13110
14107
11603
12305
8698
17597
10579
4361
12515
4130
15700
18598
4705
7113
16042
11675
9186
9073
10064
18937
6158
10610
10362
9468
10903
15570
14706
9814
12743
11535
10133
11063
9853
14662
12582
13389
16074
14585
15855
10199
7144
12145
3516
8857
6634
8605
6835
11570
14952
10462
17734
9801
2603
16877
11685
15684
14729
13062
8968
3845
9571
10397
7472
17011
16864
9737
5157
6735
12073
16492
3966
16148
7680
5856
6192
4874
8162
13533
8328
5893
7398
3365
5563
10445
15924
6146
9629
11967
6018
7657
8782
7604
12355
9556
16549
5986
15032
7034
14619
11317
15002
2689
12770
6782
10472
9669
15634
6446
9403
7929
2473
9911
9436
10740
7656
13453
9163
16320
13657
9804
3471
6117
14057
13552
9675
5261
10706
5370
13302
7772
10183
5755
9302
6912
11968
15186
10633
7735
3426
6927
10219
12387
9128
11929
6070
15350
13074
10168
12017
4915
6297
10500
12091
12979
8833
4694
10789
10020
9017
14145
4035
7392
5142
7629
15015
15473
8274
13370
9590
13758
13012
8299
2255
6348
3830
12115
11992
3910
13812
13962
8299
18250
6342
12867
8275
15828
11287
9369
4940
10246
7143
5697
4776
12317
8453
3925
13700
13193
9125
10467
15555
17846
12250
7533
5178
7840
9842
8369
15277
8559
9545
6192
14364
10040
9761
13963
7785
9536
4448
3159
7731
12631
16088
8680
14936
10560
16727
13298
9392
9356
12428
6971
11020
12233
7308
15877
18201
10011
8666
13900
9766
10101
684
9609
2936
11844
6370
6632
13296
7670
8734
8509
1428
8147
7943
8876
5872
3332
3899
10366
9911
9881
9933
7233
15706
11833
11206
11774
14842
11532
16180
13761
6195
17659
5074
7391
13945
8633
11846
14383
14089
11349
12043
4225
3454
5781
17153
11079
13904
2502
13765
16944
11145
7420
6415
16001
17416
8476
7219
10181
11862
12530
6471
11263
17315
10262
7322
14313
13879
5069
8736
14677
9001
7733
3560
12899
14358
11667
8842
7470
13692
9858
11034
14623
10930
6667
6168
8184
12414
7730
10651
12450
14736
8025
8646
8621
8826
2704
7118
16631
14922
8694
13556
14467
7642
11913
8519
7277
6566
12857
4931
6155
8416
17363
10249
7101
8892
7081
13630
8958
12263
16004
10748
15247
10782
13054
10541
7938
5998
15084
7283
11097
4178
7061
12693
5252
14669
17140
10776
7878
12162
2831
13273
7357
8989
9813
8937
13479
11383
9516
5455
5371
11089
2496
7888
14690
15525
12587
11552
9397
13578
11971
11818
8774
2785
4702
14731
13217
5953
16780
8423
4420
10551
16947
15583
16311
18460
12891
9114
11212
8128
12417
17592
5391
7695
3472
8951
12295
4619
11775
8834
9582
3327
19050
4879
5536
8303
14658
11365
8810
9170
9006
7962
4378
9595
16178
9378
12292
15692
14220
12014
13395
5101
7132
12818
5401
5289
4518
18466
3312
16594
11242
8213
6522
12561
16853
14758
9056
15903
10359
8519
6689
8226
6618
7783
7609
7295
9693
13176
8119
11370
5285
7595
12899
3941
11401
9335
13659
10009
12175
15444
16845
12724
4825
2602
10223
14594
9600
8469
7252
15067
1306
16120
6436
12999
7278
11547
11727
7787
9990
13238
17609
7011
11835
16732
5053
11932
6356
4903
9679
10406
10943
17334
3213
4181
11249
5512
14162
3502
10279
2555
6387
19379
15605
4040
10533
9052
10869
7276
11769
8253
13515
8494
13981
11803
16597
15632
13344
10583
10716
10327
16348
10906
19017
17609
3656
6699
6069
8185
5842
13470
12094
12783
15489
16083
13736
9412
14676
6749
7546
5524
7875
11903
6350
7936
10001
12477
9254
4601
5306
3828
7903
13929
11917
9022
7459
9485
7075
10718
10632
3917
3972
12056
15180
7966
13117
6966
12898
15709
9094
10264
5404
11809
15175
7992
12134
9596
6293
3595
1905
18704
9319
9947
15364
11136
12714
4112
11080
9575
9427
3990
5417
6144
11231
10515
14640
5378
8597
14077
5686
15678
10501
11060
5764
8933
8909
1864
11803
17818
9323
10299
5641
16971
16528
13816
9257
15764
10755
14820
14470
11284
13033
13592
13446
17664
12147
6188
5522
15609
11608
6119
8391
7803
13935
10936
14996
6592
8095
13075
9776
9715
17987
8776
8084
5556
4632
11343
7041
8906
8246
7749
6409
10016
7083
14969
15149
4983
11583
8995
8276
4646
5637
14182
8694
11252
8742
11468
9039
11630
10902
15799
8683
8906
17268
14153
11579
11228
11959
4921
9922
10852
8007
5734
13752
9782
17158
9734
7174
10380
8485
12661
8463
8831
7857
11248
8700
6516
13175
11795
9767
11514
11927
8573
16882
6844
14223
9054
11221
12568
7544
14731
15076
16377
12435
11493
9964
5260
4433
11339
3728
11507
7309
17216
10178
15736
18215
9547
1428
7249
12765
13473
8286
11382
11401
13545
19186
15396
8293
9123
7407
10126
8057
3005
7568
9450
13800
10799
17343
11756
15380
16379
15124
9704
13864
10094
2646
9155
16290
6660
14261
9874
9279
14542
3078
10110
9001
13986
2764
10734
14974
6392
9302
11633
9857
14254
2688
4963
8403
6720
14928
8963
9121
7872
18039
9936
5658
13301
10066
11803
8950
3854
13985
6641
6102
11771
5390
11235
8965
7749
13319
18539
14329
6838
13836
10806
9096
19262
11180
11162
15159
2864
12542
3676
5433
2833
9722
15332
17243
10251
9712
5040
5918
4623
2710
11769
10818
9109
6774
6810
12842
6368
8072
10129
6328
12132
13983
4808
13513
8312
4172
14153
8397
9345
16973
10598
310
8491
9077
9502
13402
6276
5255
6517
13444
1984
10540
10225
16424
9657
14311
12540
5675
17355
7545
7458
17662
5386
2637
15510
14867
8229
17579
7633
12794
5438
6703
2328
8764
15642
5200
5533
12268
6686
9573
7833
10814
8721
12096
16143
17786
6161
6890
4497
7478
6988
8689
7228
10139
15429
15467
9447
18206
12347
9565
5645
8580
10150
11164
2006
3959
3186
4785
8523
6498
2704
10443
8390
10314
18047
7164
11986
14497
11121
13957
5976
7588
6207
17736
11618
10629
1504
4051
4130
8187
7343
8514
14271
11324
14905
14761
1956
12937
14639
11416
6527
5140
12503
14979
8138
8374
6980
10682
9178
10992
15087
1284
11116
4820
6874
3716
5278
11639
14210
13554
6965
4398
13586
10829
6851
10094
11448
7658
8783
6030
12788
6595
9228
5078
16312
8739
9795
11668
18227
12099
15294
11418
1620
17505
5316
10417
11881
11460
11495
6650
11208
16249
11618
11019
5860
12675
8378
10117
8126
7224
12565
17114
14344
8351
6197
6388
17425
7039
14668
16987
15327
5516
4817
10147
9522
15441
14778
13544
3106
10735
6638
10425
9192
14738
2926
9090
3151
14636
10454
11217
7253
2465
12282
5161
10761
8118
9174
4993
5532
6424
7585
8848
13558
15254
11942
5903
16420
18728
7889
9623
6682
7115
9117
7386
5414
4424
12781
14352
12921
9022
12718
13912
1567
11279
14691
12382
6849
15145
9735
15749
3761
10257
8408
7404
7378
14586
15474
2690
5310
4072
9748
4824
15534
9423
6054
13279
6328
2102
9455
7729
12066
9829
6412
10147
6285
10520
13893
8983
2930
14358
15940
12206
9295
10709
6803
8384
4100
10689
10972
6852
6764
2215
7055
1937
10097
4101
6762
11088
7592
4305
956
5119
1898
19386
9618
5243
4817
8114
18621
8942
6519
7943
15605
10364
16958
16479
5983
5266
13882
6574
9526
13996
6094
12257
9670
8694
5044
14544
14350
517
10083
8205
10347
12622
9308
13688
9801
6259
4471
11152
16941
2926
11522
11681
12398
16089
10397
6700
7227
11296
10966
5071
965
7852
5203
15566
8410
4486
10036
13038
11962
4148
11505
15063
13088
5128
3543
11427
8144
5628
12214
6069
11032
5770
9917
9686
10164
7294
10472
9094
17839
10707
11242
4615
5857
3399
12903
12021
2312
9585
14243
6903
10935
11074
2950
4247
5807
7056
10113
17477
10526
7517
11121
13030
5820
8278
2549
13861
13556
11474
10600
8814
8834
14382
16512
9231
17702
11657
7149
10352
3144
7492
14962
9123
8859
9240
7407
9574
13580
831
5464
13871
8245
8478
10094
13985
8505
11977
11140
8503
11095
12264
7199
12874
11309
9535
8025
13289
5005
7232
12356
3576
10544
7975
5761
14153
16891
9223
9888
15607
13969
14099
11620
9024
7669
7406
3777
9462
13801
6070
3500
15115
11246
6788
9847
12053
8789
9587
11481
8717
7840
91
5499
8363
16457
14763
10258
6423
4733
16013
5528
11290
13776
10134
779
4929
14915
8712
15895
5058
16229
17331
11715
14528
10989
14122
14627
19149
13748
9908
6873
2718
12140
5097
6724
9627
15349
15446
2451
10869
10535
8492
8579
13227
7628
13359
10211
5850
8156
9914
5318
9770
8384
14361
15078
17870
4075
8280
2339
16625
12090
5419
10430
10006
11263
1387
7743
12564
12939
13193
6388
10987
10911
13545
6766
9713
12927
13959
6567
14138
13731
14403
12858
7926
2290
9836
9991
11531
9052
8338
3716
16034
9273
12936
4575
13141
7610
5758
13565
10992
10241
8795
9292
15179
8981
3859
8443
8411
15164
8139
18445
9952
11041
2596
11552
15395
9858
7163
10127
16046
12807
4614
14937
16879
497
8860
9170
9184
10931
17208
4200
3591
11681
14994
6892
10191
8775
4936
1625
9552
7563
4469
10397
12150
12253
9657
13962
11689
15195
8079
1828
8804
12326
4858
12969
15885
9504
9618
11230
14512
13033
12287
7100
17338
6396
13080
15745
11735
8384
15786
7050
3459
18228
3167
10535
7915
8572
2661
7296
4108
10050
13846
16265
8481
5214
14927
5157
13783
10802
2435
5142
10952
11029
14269
13693
7136
9886
13115
11305
12846
13917
10284
13910
13667
6933
8442
4371
3305
12061
14706
4262
11326
10174
7256
14406
11965
11318
2257
14457
11089
3517
12654
10708
15522
16982
9236
12483
10860
8404
15813
12337
10174
18368
11444
15971
697
7495
2689
4343
8860
5935
10967
15446
13411
6755
18963
14602
7067
12357
9439
1690
3947
2720
9880
9450
1607
9067
3694
8663
8589
3458
12445
3188
11750
5625
10765
7189
3232
13328
7822
14790
10876
3047
17602
8823
6180
10556
13224
7646
6763
7377
8297
12194
9334
11461
12610
5939
4135
16233
10315
18192
14957
10801
7071
12853
11095
11823
16770
7340
10420
11121
10058
8024
12936
12539
7125
7931
7597
13109
13130
5148
11685
15494
15939
16091
6628
2341
11990
5128
9588
18318
11779
14086
13046
4243
7261
16427
7987
11633
13726
17277
9079
8307
6623
7592
9202
11414
5165
15557
4854
9576
13354
11619
8842
11328
6486
12357
9755
7756
6459
13378
12354
6899
9994
12143
16861
3356
14251
6597
14585
14620
13573
17060
4330
11771
15129
6513
9225
11413
14587
10611
5950
11378
10468
8732
11557
10842
10281
12874
15547
5305
5372
10883
9021
10297
14140
13136
11446
8621
11720
5857
3326
11475
10230
12036
10278
14736
17056
6227
